Using pre-set license
Built from '2022.3/staging' branch; Version is '2022.3.45f1 (a13dfa44d684) revision 10567162'; Using compiler version '192829333'; Build Type 'Release'
OS: 'Windows 10  (10.0.19045) 64bit Core' Language: 'en' Physical Memory: 16275 MB
BatchMode: 1, IsHumanControllingUs: 0, StartBugReporterOnCrash: 0, Is64bit: 1, IsPro: 1

COMMAND LINE ARGUMENTS:
C:\Program Files\Unity\Hub\Editor\2022.3.45f1\Editor\Unity.exe
-adb2
-batchMode
-noUpm
-name
AssetImportWorker4
-projectPath
C:/Users/zeros/Desktop/Unity Projects/Astro-experience .1
-logFile
Logs/AssetImportWorker4.log
-srvPort
64322
Successfully changed project path to: C:/Users/zeros/Desktop/Unity Projects/Astro-experience .1
C:/Users/zeros/Desktop/Unity Projects/Astro-experience .1
[UnityMemory] Configuration Parameters - Can be set up in boot.config
    "memorysetup-bucket-allocator-granularity=16"
    "memorysetup-bucket-allocator-bucket-count=8"
    "memorysetup-bucket-allocator-block-size=33554432"
    "memorysetup-bucket-allocator-block-count=8"
    "memorysetup-main-allocator-block-size=16777216"
    "memorysetup-thread-allocator-block-size=16777216"
    "memorysetup-gfx-main-allocator-block-size=16777216"
    "memorysetup-gfx-thread-allocator-block-size=16777216"
    "memorysetup-cache-allocator-block-size=4194304"
    "memorysetup-typetree-allocator-block-size=2097152"
    "memorysetup-profiler-bucket-allocator-granularity=16"
    "memorysetup-profiler-bucket-allocator-bucket-count=8"
    "memorysetup-profiler-bucket-allocator-block-size=33554432"
    "memorysetup-profiler-bucket-allocator-block-count=8"
    "memorysetup-profiler-allocator-block-size=16777216"
    "memorysetup-profiler-editor-allocator-block-size=1048576"
    "memorysetup-temp-allocator-size-main=16777216"
    "memorysetup-job-temp-allocator-block-size=2097152"
    "memorysetup-job-temp-allocator-block-size-background=1048576"
    "memorysetup-job-temp-allocator-reduction-small-platforms=262144"
    "memorysetup-allocator-temp-initial-block-size-main=262144"
    "memorysetup-allocator-temp-initial-block-size-worker=262144"
    "memorysetup-temp-allocator-size-background-worker=32768"
    "memorysetup-temp-allocator-size-job-worker=262144"
    "memorysetup-temp-allocator-size-preload-manager=33554432"
    "memorysetup-temp-allocator-size-nav-mesh-worker=65536"
    "memorysetup-temp-allocator-size-audio-worker=65536"
    "memorysetup-temp-allocator-size-cloud-worker=32768"
    "memorysetup-temp-allocator-size-gi-baking-worker=262144"
    "memorysetup-temp-allocator-size-gfx=262144"
Player connection [38948]  Target information:

Player connection [38948]  * "[IP] 10.0.0.2 [Port] 0 [Flags] 2 [Guid] 965845430 [EditorId] 965845430 [Version] 1048832 [Id] WindowsEditor(7,DESKTOP-HU9D7L6) [Debug] 1 [PackageName] WindowsEditor [ProjectName] Editor" 

Player connection [38948] Host joined multi-casting on [225.0.0.222:54997]...
Player connection [38948] Host joined alternative multi-casting on [225.0.0.222:34997]...
[PhysX] Initialized MultithreadedTaskDispatcher with 12 workers.
Refreshing native plugins compatible for Editor in 39.90 ms, found 12 plugins.
Preloading 1 native plugins for Editor in 0.64 ms.
Initialize engine version: 2022.3.45f1 (a13dfa44d684)
[Subsystems] Discovering subsystems at path C:/Program Files/Unity/Hub/Editor/2022.3.45f1/Editor/Data/Resources/UnitySubsystems
[Subsystems] Discovering subsystems at path C:/Users/zeros/Desktop/Unity Projects/Astro-experience .1/Assets
GfxDevice: creating device client; threaded=0; jobified=0
Direct3D:
    Version:  Direct3D 11.0 [level 11.1]
    Renderer: NVIDIA GeForce RTX 2070 (ID=0x1f02)
    Vendor:   NVIDIA
    VRAM:     8006 MB
    Driver:   32.0.15.7628
Initialize mono
Mono path[0] = 'C:/Program Files/Unity/Hub/Editor/2022.3.45f1/Editor/Data/Managed'
Mono path[1] = 'C:/Program Files/Unity/Hub/Editor/2022.3.45f1/Editor/Data/MonoBleedingEdge/lib/mono/unityjit-win32'
Mono config path = 'C:/Program Files/Unity/Hub/Editor/2022.3.45f1/Editor/Data/MonoBleedingEdge/etc'
Using monoOptions --debugger-agent=transport=dt_socket,embedding=1,server=y,suspend=n,address=127.0.0.1:56428
Begin MonoManager ReloadAssembly
Registering precompiled unity dll's ...
Register platform support module: C:/Program Files/Unity/Hub/Editor/2022.3.45f1/Editor/Data/PlaybackEngines/AndroidPlayer/UnityEditor.Android.Extensions.dll
Register platform support module: C:/Program Files/Unity/Hub/Editor/2022.3.45f1/Editor/Data/PlaybackEngines/WindowsStandaloneSupport/UnityEditor.WindowsStandalone.Extensions.dll
Registered in 0.018899 seconds.
- Loaded All Assemblies, in  0.474 seconds
Native extension for WindowsStandalone target not found
Native extension for Android target not found
Android Extension - Scanning For ADB Devices 324 ms
Mono: successfully reloaded assembly
- Finished resetting the current domain, in  0.667 seconds
Domain Reload Profiling: 1138ms
	BeginReloadAssembly (125ms)
		ExecutionOrderSort (0ms)
		DisableScriptedObjects (0ms)
		BackupInstance (0ms)
		ReleaseScriptingObjects (0ms)
		CreateAndSetChildDomain (1ms)
	RebuildCommonClasses (38ms)
	RebuildNativeTypeToScriptingClass (11ms)
	initialDomainReloadingComplete (78ms)
	LoadAllAssembliesAndSetupDomain (218ms)
		LoadAssemblies (122ms)
		RebuildTransferFunctionScriptingTraits (0ms)
		AnalyzeDomain (215ms)
			TypeCache.Refresh (213ms)
				TypeCache.ScanAssembly (197ms)
			ScanForSourceGeneratedMonoScriptInfo (0ms)
			ResolveRequiredComponents (1ms)
	FinalizeReload (668ms)
		ReleaseScriptCaches (0ms)
		RebuildScriptCaches (0ms)
		SetupLoadedEditorAssemblies (618ms)
			LogAssemblyErrors (0ms)
			InitializePlatformSupportModulesInManaged (434ms)
			SetLoadedEditorAssemblies (5ms)
			RefreshPlugins (0ms)
			BeforeProcessingInitializeOnLoad (2ms)
			ProcessInitializeOnLoadAttributes (124ms)
			ProcessInitializeOnLoadMethodAttributes (52ms)
			AfterProcessingInitializeOnLoad (0ms)
			EditorAssembliesLoaded (0ms)
		ExecutionOrderSort2 (0ms)
		AwakeInstancesAfterBackupRestoration (0ms)
========================================================================
Worker process is ready to serve import requests
Caller must complete domain reload
Begin MonoManager ReloadAssembly
- Loaded All Assemblies, in  1.173 seconds
Native extension for WindowsStandalone target not found
Native extension for Android target not found
Package Manager log level set to [2]
[Package Manager] Server::EnsureServerProcessIsRunning -- launch failed, reason: Unity was launched with the -noUpm command-line argument
[Package Manager] UpmClient::Send -- Unable to send message (not connected to UPM process).
[Package Manager] Cannot connect to Unity Package Manager local server
System.Reflection.TargetInvocationException: Exception has been thrown by the target of an invocation. ---> System.NullReferenceException: Object reference not set to an instance of an object
  at Unity.XR.Oculus.OculusLoader.AssetPathToAbsolutePath (System.String assetPath) [0x0003d] in .\Library\PackageCache\com.unity.xr.oculus@4.2.0\Runtime\OculusLoader.cs:298 
  at Unity.XR.Oculus.OculusLoader.EditorLoadOVRPlugin () [0x0008c] in .\Library\PackageCache\com.unity.xr.oculus@4.2.0\Runtime\OculusLoader.cs:283 
  at (wrapper managed-to-native) System.Reflection.RuntimeMethodInfo.InternalInvoke(System.Reflection.RuntimeMethodInfo,object,object[],System.Exception&)
  at System.Reflection.RuntimeMethodInfo.Invoke (System.Object obj, System.Reflection.BindingFlags invokeAttr, System.Reflection.Binder binder, System.Object[] parameters, System.Globalization.CultureInfo culture) [0x0006a] in <8ce0bd04a7a04b4b9395538239d3fdd8>:0 
   --- End of inner exception stack trace ---
  at System.Reflection.RuntimeMethodInfo.Invoke (System.Object obj, System.Reflection.BindingFlags invokeAttr, System.Reflection.Binder binder, System.Object[] parameters, System.Globalization.CultureInfo culture) [0x00083] in <8ce0bd04a7a04b4b9395538239d3fdd8>:0 
  at System.Reflection.MethodBase.Invoke (System.Object obj, System.Object[] parameters) [0x00000] in <8ce0bd04a7a04b4b9395538239d3fdd8>:0 
  at UnityEditor.EditorAssemblies.ProcessInitializeOnLoadMethodAttributes () [0x000a5] in <0ab653b677424c84aa7f1e3350b765bc>:0 
UnityEngine.StackTraceUtility:ExtractStackTrace ()
UnityEngine.DebugLogHandler:LogFormat (UnityEngine.LogType,UnityEngine.Object,string,object[])
UnityEngine.Logger:Log (UnityEngine.LogType,object)
UnityEngine.Debug:LogError (object)
UnityEditor.EditorAssemblies:ProcessInitializeOnLoadMethodAttributes ()

Mono: successfully reloaded assembly
[Package Manager] Server::EnsureServerProcessIsRunning -- launch failed, reason: Unity was launched with the -noUpm command-line argument
[Package Manager] UpmClient::Send -- Unable to send message (not connected to UPM process).
[Package Manager] Cannot connect to Unity Package Manager local server
[Package Manager] Server::EnsureServerProcessIsRunning -- launch failed, reason: Unity was launched with the -noUpm command-line argument
[Package Manager] UpmClient::Send -- Unable to send message (not connected to UPM process).
[Package Manager] Cannot connect to Unity Package Manager local server
- Finished resetting the current domain, in  1.229 seconds
Domain Reload Profiling: 2392ms
	BeginReloadAssembly (164ms)
		ExecutionOrderSort (0ms)
		DisableScriptedObjects (6ms)
		BackupInstance (0ms)
		ReleaseScriptingObjects (0ms)
		CreateAndSetChildDomain (21ms)
	RebuildCommonClasses (34ms)
	RebuildNativeTypeToScriptingClass (10ms)
	initialDomainReloadingComplete (49ms)
	LoadAllAssembliesAndSetupDomain (904ms)
		LoadAssemblies (679ms)
		RebuildTransferFunctionScriptingTraits (0ms)
		AnalyzeDomain (325ms)
			TypeCache.Refresh (270ms)
				TypeCache.ScanAssembly (246ms)
			ScanForSourceGeneratedMonoScriptInfo (39ms)
			ResolveRequiredComponents (15ms)
	FinalizeReload (1230ms)
		ReleaseScriptCaches (0ms)
		RebuildScriptCaches (0ms)
		SetupLoadedEditorAssemblies (1015ms)
			LogAssemblyErrors (0ms)
			InitializePlatformSupportModulesInManaged (25ms)
			SetLoadedEditorAssemblies (4ms)
			RefreshPlugins (0ms)
			BeforeProcessingInitializeOnLoad (121ms)
			ProcessInitializeOnLoadAttributes (731ms)
			ProcessInitializeOnLoadMethodAttributes (122ms)
			AfterProcessingInitializeOnLoad (13ms)
			EditorAssembliesLoaded (0ms)
		ExecutionOrderSort2 (0ms)
		AwakeInstancesAfterBackupRestoration (9ms)
Launched and connected shader compiler UnityShaderCompiler.exe after 0.06 seconds
Refreshing native plugins compatible for Editor in 34.52 ms, found 12 plugins.
Preloading 1 native plugins for Editor in 0.13 ms.
Unloading 7159 Unused Serialized files (Serialized files now loaded: 0)
Unloading 124 unused Assets / (2.2 MB). Loaded Objects now: 7602.
Memory consumption went from 270.4 MB to 268.2 MB.
Total: 8.322500 ms (FindLiveObjects: 0.819000 ms CreateObjectMapping: 0.859700 ms MarkObjects: 5.347600 ms  DeleteObjects: 1.294200 ms)

AssetImportParameters requested are different than current active one (requested -> active):
  custom:scripting/monoscript/fileName/StickToObject.cs: 7b6a896f952632cd578d5fe56893ae29 -> a439461c69c1cb3bf2334956f6cb388a
  custom:container-demuxer-ogg: 62fdf1f143b41e24485cea50d1cbac27 -> 
  custom:scripting/monoscript/fileName/ToggleInterface.cs: cd540206bda6c66b81a12855dd02d786 -> eb2b72d8ca663495c2b7eeeefee20520
  custom:scripting/monoscript/fileName/RotateObject.cs: 4ed55a5ad7337fdb78a2f6eb4e9eae67 -> 94d1e2f5a536495c6399393ae0827a8e
  custom:scripting/monoscript/fileName/OnButtonPress.cs: 41c1922ef2762042f1ac6c3ceb9c8644 -> 2eacd7e76062c30301a4351f51ae1bbf
  custom:scripting/monoscript/fileName/TeleportAnchorWithFade.cs: 2434f75fd3fda749d4490ea8d7da2def -> c4d44d6195a9ada7b9b8a668fc17b5e0
  custom:scripting/monoscript/fileName/XRButton.cs: 015815e5e80eaacc61cb05ac873efbcd -> b49aedb9e060ca039bdf3969f5c77cb3
  custom:scripting/monoscript/fileName/OnTrigger.cs: ed763bd80ee26af01363a29a9578cbac -> 2a31b2572e54231879830dc8f97fa457
  custom:scripting/monoscript/fileName/LoadScene.cs: 206f1b3f828a012e3128d4c1e305d0fb -> 503845d1cdc5fbf085d2de5813e86589
  custom:scripting/monoscript/fileName/FadeCanvas.cs: 4339377a4369cdf46a66199f2e9eeb7f -> 739bfa731875a77f32edd25b25baf7eb
  custom:framework-win-MediaFoundation: 216162199b28c13a410421893ffa2e32 -> 
  custom:scripting/monoscript/fileName/LookAtPlayer.cs: e364488229696b417523729966017c6c -> 7c5593124e48a42d34b1ec0aeabfe252
  custom:scripting/monoscript/fileName/XRLeverEditor.cs: bb1063e592cc6c61ffe0706c45a31698 -> f18c2a4b5761f00a03ba2115b2b7b8b8
  custom:scripting/monoscript/fileName/FadeCanvasOnOverlap.cs: c63f26b8b430a3258ca41f3cad6972ba -> 6cac1254a3c985c5c81f3f6e5c96260b
  custom:scripting/monoscript/fileName/OnVelocity.cs: 28f9024f97123c6b6e462504a66a7f54 -> e1308cc58b2e28a2cf7f23604c333313
  custom:scripting/monoscript/fileName/OnPull.cs: e678fa34bf9308cc9d350ffcdc119345 -> 3e8ffa14d8f22d1b8edd0f5844d53d63
  custom:scripting/monoscript/fileName/MoveWithVelocity.cs: ddc20e673c0ac1056ed4ca716d818431 -> 4ad5a11bc583cf32705e2f06097f1173
  custom:scripting/monoscript/fileName/TeleportAreaWithFade.cs: 47ab3a2125fa365d434f056ebcbaa25b -> 90666126618dbe5fbbb6f06581255a45
  custom:scripting/monoscript/fileName/ManuallySelectObject.cs: b9600d162e80c27790debd267a362f97 -> 84f2f87b274de3baeb0f24720b49804a
  custom:scripting/monoscript/fileName/OnCollision.cs: 6412e2655853d4443e027ea59e55a8df -> d08b7f694b82de14ad9508c0f98e66ed
  custom:scripting/monoscript/fileName/ConvertValueToHue.cs: bbe294918fcebbf9441539b8399f722d -> ff079331ecdcc219b10cfa5c9711fcec
  custom:scripting/monoscript/fileName/LaunchProjectile.cs: 09262af7544191fbf6621cddcefa379c -> f55689a33fe46dc20647631ffcffe7ad
  custom:container-muxer-webm: aa71ff27fc2769a1b78a27578f13a17b -> 
  custom:video-decoder-webm-vp8: 9c59270c3fd7afecdb556c50c9e8de78 -> 
  custom:SearchIndexIgnoredProperties: e643bd26f0fe6173181afceb89e7c659 -> 
  custom:AudioImporter_EditorPlatform: d09bf68614088b80899f8185d706f6e7 -> 
  custom:scripting/monoscript/fileName/CreateTrail.cs: 5104412f6362fc5559b3dceb41215de7 -> fa23383bd741995267988994aec9050d
  custom:scripting/monoscript/fileName/SetLightIntensity.cs: 25ef3e9347c03497790e82d460b39b8b -> dbdf23facf810ad433975a95caa7d08d
  custom:scripting/monoscript/fileName/XRJoystickEditor.cs: bad0890a5ca47a63a46d5059431ad862 -> c104576047d5c7b9eb0a0d310c950772
  custom:audio-decoder-ogg-vorbis: bf7c407c2cedff20999df2af8eb42d56 -> 
  custom:scripting/monoscript/fileName/TeleportPlayer.cs: 2358fe7d6fcd3a803bccb9eb5abcb9c6 -> 4e81c3353a47751d80fb0d06a76856f5
  custom:scripting/monoscript/fileName/SetVolume.cs: 6ff13e17acc9c3530fc83bfd52f28a18 -> d97c3e57d2bd7ae9da5ae4a0061e8b61
  custom:scripting/monoscript/fileName/SetMaterialColor.cs: c4c53363dd1cc2ac7e01e80a43922521 -> bb060d0a5a6eeafecf601a61a209d1aa
  custom:audio-encoder-webm-vorbis: bf7c407c2cedff20999df2af8eb42d56 -> 
  custom:scripting/monoscript/fileName/MatchRotation.cs: dc3e687e09eefb5f8c54f1edc1c43009 -> 9681e7f473e43cec455a712c7d4ff80c
  custom:scripting/monoscript/fileName/PlaySoundsFromList.cs: 1791a7c58606fa76b465fa30578e9843 -> 089320efeaa7ecc9f68e427a7215b3cb
  custom:scripting/monoscript/fileName/XRJoystick.cs: a4fe365726e2777fbcf3dccedcbc394a -> 70c41cf183e7b02e0bea4508c06378a0
  custom:scripting/monoscript/fileName/XRLever.cs: efd15a6443227193551f3efe9683cc38 -> 6e7135d0b8a69c6123576cb81f096e0a
  custom:scripting/monoscript/fileName/ShowMessageFromList.cs: 26ef9088bd1dfaa3f6c8b8530de8fa79 -> c5cd3f5b5bdb932195d8e9da77649fea
  custom:scripting/monoscript/fileName/ToggleLight.cs: 973afd7cce7e72e006f95c9ef752225f -> ff7f85e6735e94494c648c8c69a03a6f
  custom:scripting/monoscript/fileName/OnTimedInterval.cs: ea16ba10838fab7e6e99a9d9a292bdf5 -> d6874ecd4342ca4cec2b0ccca4f04c8d
  custom:scripting/monoscript/fileName/XRButtonEditor.cs: 0d6c18c8e51066100f3cd600a9b7995b -> 3db6550bf8670057d70004524f10106c
  custom:video-codec-MediaFoundation-h265: e54d7ab0439102e2317fc1e4b246158d -> 
  custom:scripting/monoscript/fileName/PlayAnimation.cs: f7916b554100575733ebcb72db554382 -> e42e49cca17b953a9ee675718f28bd5c
  custom:video-decoder-ogg-theora: a1e56fd34408186e4bbccfd4996cb3dc -> 
  custom:scripting/monoscript/fileName/XRSlider.cs: 3b610ca287505c8e70c367c52147b2c4 -> ddc50bc1245ff32a6c2366e0c19fb3cc
  custom:scripting/monoscript/fileName/OnTilt.cs: a6dd723e12487fadc7b54e7428b6a739 -> 4d35044752228e5dca2952af588e02ab
  custom:scripting/monoscript/fileName/ApplyPhysics.cs: 87e2652ed4a09467593e5a5cb8b063c9 -> 1d79a045621553d0ba4b8da0dfecd439
  custom:scripting/monoscript/fileName/SpinFree.cs: e154e0205c72ee0a26d13b93cd72328d -> dc2c7887d46efee7893792f9212ab5b9
  custom:scripting/monoscript/fileName/XRKnob.cs: 4662fc6f5ea2d0c93a22c7a34a1b0dc4 -> 5ac58189aab41a3d96ba551cc6372bc9
  custom:scripting/monoscript/fileName/PlayVideo.cs: e23a57c21faf427b560f0cbf20b5a276 -> 332e3108eb4e687ba6e3c060df383ebf
  custom:scripting/monoscript/fileName/SetLightColor.cs: 913868fbf8eb5e16ef274d8e3362268f -> 9b99499b2fd213f084cd815844248620
  custom:CustomObjectIndexerAttribute: 72b91833f83ae208fae7752999fa3104 -> 
  custom:scripting/monoscript/fileName/RemoveObjectsWithTag.cs: feea7b69eaa7fe8395858eadd62119e8 -> 7adf4cff7291a37357536cee720e7bc0
  custom:container-demuxer-webm: 4f35f7cbe854078d1ac9338744f61a02 -> 
  custom:scripting/monoscript/fileName/TranslateObject.cs: e69ca17c72c3147190dacf6f3854345c -> 466ccc45eefc7e4c6206327f496f4930
  custom:scripting/monoscript/fileName/SpawnFromList.cs: 2866447ea2db6e2e18808df5ea00b672 -> a8603d431a6fa4559b577dc76c1c3ad7
  custom:scripting/monoscript/fileName/OnJoystickMove.cs: d5f3e1420ca2ca01dee560d865fb1aa5 -> 1afd62561d6871459524c6a4f7cab46d
  custom:scripting/monoscript/fileName/DisplayFPS.cs: 0d34c6e1fd2ca447bd52d1303f24d6da -> 8ce72969f3700590cf3c4bd6982edc40
  custom:scripting/monoscript/fileName/Notes.cs: 856d964fa5bcabe0491c3c9cb77ff6e6 -> 096be7614d9257dd5b5e6981c8d02cc9
  custom:scripting/monoscript/fileName/DestroyObject.cs: 5968c81176281d8f3a48c662be616f08 -> 630eea3707c1db1424e9cefe9b931b4a
  custom:scripting/monoscript/fileName/VibrateController.cs: aafd439bd305bbecbe8ee4bb344c84db -> fe900b65b3f8b877c31ff055563e9a37
  custom:scripting/monoscript/fileName/SpawnObject.cs: 61f545307f3497f1ddda7f054570940c -> ab4d13cb873d49358874a97f7c3ce03f
  custom:scripting/monoscript/fileName/ChangeMaterial.cs: fe6e2e9015a918854c9c6b6082fe8208 -> 5cd2c6e2f1b8782ce08742dd8e17602c
  custom:scripting/monoscript/fileName/SetParticleRate.cs: 19c543543f503563b6523ae1d9803c08 -> cf8e15e23aef5fd3ef505ca6b16f280d
  custom:scripting/monoscript/fileName/PlayContinuousSound.cs: 994bbf84704a473e7f9fbe096f653f7f -> 2cc80a5d5406c8e3be62217ba50ea978
  custom:scripting/monoscript/fileName/ToggleRay.cs: d07c2bebd4edda5973561ca399c72f06 -> d2ac133ea3a97d19dbd150807d004adc
  custom:scripting/monoscript/fileName/XRKnobEditor.cs: 11ca614780385da98493817c294aedc1 -> f207673764865e4e208440e7c171f1aa
  custom:scripting/monoscript/fileName/ToggleParticle.cs: 7dd34e66257a64c707eab61992c7b947 -> 0669f61f6303bf0553aee8905c2ded2b
  custom:scripting/monoscript/fileName/PlayQuickSound.cs: 975c5f4b36323277e81e2dfd6edbf9d6 -> 1a414524af65076576a33656a0c0dbe4
  custom:video-encoder-webm-vp8: eb34c28f22e8b96e1ab97ce403110664 -> 
  custom:scripting/monoscript/fileName/ScaleObject.cs: 4523f7685e9f6129f4387194aff45302 -> a2071acb93f762e640252badecc74ed3
  custom:scripting/monoscript/fileName/ToggleVisibility.cs: 07ac0b124ae5ba1ad4101da2fdd88429 -> 289e2e2abf374851f6c62cebb9cfab19
  custom:scripting/monoscript/fileName/OnSceneLoad.cs: 5b70414da60ba3838f982ca0d83c1ea2 -> 64660a0d0cd4a3199297696cf980c17a
  custom:scripting/monoscript/fileName/SetInteractionLayer.cs: 239cb6869af3a7d1e5b52a9d9207ea63 -> e2c1b7cae9b4383ec5261424cf295d91
  custom:scripting/monoscript/fileName/XRSliderEditor.cs: 61c1844ef4438fc24e96dc8a7727c621 -> b2b7e7beeba17794d65a3f31456e103e
========================================================================
Received Import Request.
  Time since last request: 286850.261648 seconds.
  path: Assets/Alstra Infinite/Planes LowPoly/Prefabs/Version 1.2
  artifactKey: Guid(4acbd1114030fab4f94c51ad8b4ee305) Importer(815301076,1909f56bfc062723c751e8b465ee728b)
Start importing Assets/Alstra Infinite/Planes LowPoly/Prefabs/Version 1.2 using Guid(4acbd1114030fab4f94c51ad8b4ee305) Importer(815301076,1909f56bfc062723c751e8b465ee728b) [PhysX] Initialized MultithreadedTaskDispatcher with 12 workers.
 -> (artifact id: '9d404c5675f07e6e720af60b103c6ff4') in 0.002359 seconds
Number of updated asset objects reloaded before import = 0
Number of asset objects unloaded after import = 0
========================================================================
Received Import Request.
  Time since last request: 0.047828 seconds.
  path: Assets/Alstra Infinite/Planes LowPoly/Prefabs/Version 1.2/ComPlaneV1.prefab
  artifactKey: Guid(99078e3151f42fd42949f97b0b73bd7b) Importer(815301076,1909f56bfc062723c751e8b465ee728b)
Start importing Assets/Alstra Infinite/Planes LowPoly/Prefabs/Version 1.2/ComPlaneV1.prefab using Guid(99078e3151f42fd42949f97b0b73bd7b) Importer(815301076,1909f56bfc062723c751e8b465ee728b) [PhysX] Initialized MultithreadedTaskDispatcher with 12 workers.
[PhysX] Initialized MultithreadedTaskDispatcher with 12 workers.
 -> (artifact id: '81ac123b890ef6873d6f51bee3407ce7') in 0.338994 seconds
Number of updated asset objects reloaded before import = 0
Number of asset objects unloaded after import = 89
========================================================================
Received Import Request.
  Time since last request: 3.475907 seconds.
  path: Assets/Alstra Infinite/Planes LowPoly/Materials
  artifactKey: Guid(63fac5339d5467a489fa23999a5a920c) Importer(815301076,1909f56bfc062723c751e8b465ee728b)
Start importing Assets/Alstra Infinite/Planes LowPoly/Materials using Guid(63fac5339d5467a489fa23999a5a920c) Importer(815301076,1909f56bfc062723c751e8b465ee728b) [PhysX] Initialized MultithreadedTaskDispatcher with 12 workers.
 -> (artifact id: 'f08ec6a0cff01a8f65581a35e1c08483') in 0.000861 seconds
Number of updated asset objects reloaded before import = 0
Number of asset objects unloaded after import = 0
========================================================================
Received Import Request.
  Time since last request: 0.064018 seconds.
  path: Assets/Alstra Infinite/Planes LowPoly/Materials/Main.mat
  artifactKey: Guid(4d596354ffc21e542b03cceef355b950) Importer(815301076,1909f56bfc062723c751e8b465ee728b)
Start importing Assets/Alstra Infinite/Planes LowPoly/Materials/Main.mat using Guid(4d596354ffc21e542b03cceef355b950) Importer(815301076,1909f56bfc062723c751e8b465ee728b) [PhysX] Initialized MultithreadedTaskDispatcher with 12 workers.
[PhysX] Initialized MultithreadedTaskDispatcher with 12 workers.
 -> (artifact id: 'd256e4beb6fc7ae325b3ae9221ab9fd8') in 0.029545 seconds
Number of updated asset objects reloaded before import = 0
Number of asset objects unloaded after import = 3
========================================================================
Received Import Request.
  Time since last request: 26.948514 seconds.
  path: Assets/Alstra Infinite/Planes LowPoly/Models/ComPlaneV1.fbx
  artifactKey: Guid(744e01d3d39888e4bb092f1d04f82869) Importer(815301076,1909f56bfc062723c751e8b465ee728b)
Start importing Assets/Alstra Infinite/Planes LowPoly/Models/ComPlaneV1.fbx using Guid(744e01d3d39888e4bb092f1d04f82869) Importer(815301076,1909f56bfc062723c751e8b465ee728b) [PhysX] Initialized MultithreadedTaskDispatcher with 12 workers.
[PhysX] Initialized MultithreadedTaskDispatcher with 12 workers.
[PhysX] Initialized MultithreadedTaskDispatcher with 12 workers.
[PhysX] Initialized MultithreadedTaskDispatcher with 12 workers.
[PhysX] Initialized MultithreadedTaskDispatcher with 12 workers.
[PhysX] Initialized MultithreadedTaskDispatcher with 12 workers.
[PhysX] Initialized MultithreadedTaskDispatcher with 12 workers.
[PhysX] Initialized MultithreadedTaskDispatcher with 12 workers.
[PhysX] Initialized MultithreadedTaskDispatcher with 12 workers.
[PhysX] Initialized MultithreadedTaskDispatcher with 12 workers.
[PhysX] Initialized MultithreadedTaskDispatcher with 12 workers.
[PhysX] Initialized MultithreadedTaskDispatcher with 12 workers.
[PhysX] Initialized MultithreadedTaskDispatcher with 12 workers.
[PhysX] Initialized MultithreadedTaskDispatcher with 12 workers.
[PhysX] Initialized MultithreadedTaskDispatcher with 12 workers.
[PhysX] Initialized MultithreadedTaskDispatcher with 12 workers.
 -> (artifact id: '82917fe6ec13b1965bec2eb6c72002a6') in 0.151387 seconds
Number of updated asset objects reloaded before import = 0
Number of asset objects unloaded after import = 40
Editor requested this worker to shutdown with reason: Scaling down because of idle timeout
TcpMessagingSession - receive error: operation aborted. errorcode: 995, details: The I/O operation has been aborted because of either a thread exit or an application request.
AssetImportWorker is now disconnected from the server
Process exiting
Exiting without the bug reporter. Application will terminate with return code 0